<?xml version="1.0" encoding="UTF-8"?>
<!-- Generated by org.testng.reporters.JUnitReportReporter -->
<testsuite hostname="DESKTOP-I3PT2JI" failures="0" tests="5" name="com.crm.qa.testcases.HomePageTest" time="95.662" errors="0" timestamp="2021-03-14T14:51:46 ULAT" skipped="0">
  <testcase classname="com.crm.qa.testcases.HomePageTest" name="validateHomePageTitle" time="18.162"/>
  <system-out/>
  <testcase classname="com.crm.qa.testcases.HomePageTest" name="validateUserNameLabel" time="17.424"/>
  <system-out/>
  <testcase classname="com.crm.qa.testcases.HomePageTest" name="validateContactsLink" time="19.126"/>
  <system-out/>
  <testcase classname="com.crm.qa.testcases.HomePageTest" name="validateDealsLink" time="20.579"/>
  <system-out/>
  <testcase classname="com.crm.qa.testcases.HomePageTest" name="validateTasksLink" time="20.371"/>
  <system-out/>
</testsuite> <!-- com.crm.qa.testcases.HomePageTest -->
