<?xml version="1.0" encoding="UTF-8"?>
<!-- Generated by org.testng.reporters.JUnitReportReporter -->
<testsuite hostname="DESKTOP-I3PT2JI" failures="0" tests="3" name="com.crm.qa.testcases.LoginPageTest" time="38.895" errors="0" timestamp="2021-03-14T14:51:46 ULAT" skipped="0">
  <testcase classname="com.crm.qa.testcases.LoginPageTest" name="loginPageTitleTest" time="8.237"/>
  <system-out/>
  <testcase classname="com.crm.qa.testcases.LoginPageTest" name="crmLogoImageTest" time="11.572"/>
  <system-out/>
  <testcase classname="com.crm.qa.testcases.LoginPageTest" name="loginTest" time="19.086"/>
  <system-out/>
</testsuite> <!-- com.crm.qa.testcases.LoginPageTest -->
