<?xml version="1.0" encoding="UTF-8"?>
<!-- Generated by org.testng.reporters.JUnitReportReporter -->
<testsuite hostname="DESKTOP-I3PT2JI" failures="0" tests="5" name="com.crm.qa.testcases.HomePageTest" time="105.281" errors="0" timestamp="2021-03-18T22:18:53 ULAT" skipped="0">
  <testcase classname="com.crm.qa.testcases.HomePageTest" name="validateHomePageTitle" time="18.932"/>
  <system-out/>
  <testcase classname="com.crm.qa.testcases.HomePageTest" name="validateUserNameLabel" time="25.477"/>
  <system-out/>
  <testcase classname="com.crm.qa.testcases.HomePageTest" name="validateContactsLink" time="21.973"/>
  <system-out/>
  <testcase classname="com.crm.qa.testcases.HomePageTest" name="validateDealsLink" time="18.677"/>
  <system-out/>
  <testcase classname="com.crm.qa.testcases.HomePageTest" name="validateTasksLink" time="20.222"/>
  <system-out/>
</testsuite> <!-- com.crm.qa.testcases.HomePageTest -->
