<?xml version="1.0" encoding="UTF-8"?>
<!-- Generated by org.testng.reporters.JUnitReportReporter -->
<testsuite hostname="DESKTOP-I3PT2JI" failures="0" tests="5" name="com.crm.qa.testcases.HomePageTest" time="98.563" errors="0" timestamp="2021-03-19T14:07:33 ULAT" skipped="0">
  <testcase classname="com.crm.qa.testcases.HomePageTest" name="validateHomePageTitle" time="20.634"/>
  <system-out/>
  <testcase classname="com.crm.qa.testcases.HomePageTest" name="validateUserNameLabel" time="17.487"/>
  <system-out/>
  <testcase classname="com.crm.qa.testcases.HomePageTest" name="validateContactsLink" time="22.408"/>
  <system-out/>
  <testcase classname="com.crm.qa.testcases.HomePageTest" name="validateDealsLink" time="19.620"/>
  <system-out/>
  <testcase classname="com.crm.qa.testcases.HomePageTest" name="validateTasksLink" time="18.414"/>
  <system-out/>
</testsuite> <!-- com.crm.qa.testcases.HomePageTest -->
