<?xml version="1.0" encoding="UTF-8"?>
<!-- Generated by org.testng.reporters.JUnitReportReporter -->
<testsuite hostname="DESKTOP-I3PT2JI" failures="0" tests="1" name="com.crm.qa.testcases.ContactsPageTest" time="0.000" errors="0" timestamp="2021-04-14T22:11:06 ULAT" skipped="1">
  <testcase classname="com.crm.qa.testcases.ContactsPageTest" name="validateCreateNewContact" time="0.000">
    <skipped/>
  </testcase> <!-- validateCreateNewContact -->
  <system-out/>
</testsuite> <!-- com.crm.qa.testcases.ContactsPageTest -->
