<?xml version="1.0" encoding="UTF-8"?>
<!-- Generated by org.testng.reporters.JUnitReportReporter -->
<testsuite hostname="DESKTOP-I3PT2JI" failures="0" tests="5" name="com.crm.qa.testcases.HomePageTest" time="98.156" errors="0" timestamp="2021-03-19T00:04:15 ULAT" skipped="0">
  <testcase classname="com.crm.qa.testcases.HomePageTest" name="validateHomePageTitle" time="16.661"/>
  <system-out/>
  <testcase classname="com.crm.qa.testcases.HomePageTest" name="validateUserNameLabel" time="18.272"/>
  <system-out/>
  <testcase classname="com.crm.qa.testcases.HomePageTest" name="validateContactsLink" time="18.794"/>
  <system-out/>
  <testcase classname="com.crm.qa.testcases.HomePageTest" name="validateDealsLink" time="25.108"/>
  <system-out/>
  <testcase classname="com.crm.qa.testcases.HomePageTest" name="validateTasksLink" time="19.321"/>
  <system-out/>
</testsuite> <!-- com.crm.qa.testcases.HomePageTest -->
