<?xml version="1.0" encoding="UTF-8"?>
<!-- Generated by org.testng.reporters.JUnitReportReporter -->
<testsuite hostname="DESKTOP-I3PT2JI" failures="0" tests="3" name="com.crm.qa.testcases.LoginPageTest" time="29.173" errors="0" timestamp="22 Apr 2021 02:46:06 GMT" skipped="0">
  <testcase classname="com.crm.qa.testcases.LoginPageTest" name="loginPageTitleTest" time="8.247"/>
  <testcase classname="com.crm.qa.testcases.LoginPageTest" name="crmLogoImageTest" time="8.347"/>
  <testcase classname="com.crm.qa.testcases.LoginPageTest" name="loginTest" time="12.579"/>
</testsuite> <!-- com.crm.qa.testcases.LoginPageTest -->
