<?xml version="1.0" encoding="UTF-8"?>
<!-- Generated by org.testng.reporters.JUnitReportReporter -->
<testsuite hostname="DESKTOP-I3PT2JI" failures="0" tests="1" name="com.crm.qa.testcases.HomePageTest" time="15.221" errors="0" timestamp="20 Mar 2021 15:19:04 GMT" skipped="0">
  <testcase classname="com.crm.qa.testcases.HomePageTest" name="validateHomePageTitle" time="15.221"/>
</testsuite> <!-- com.crm.qa.testcases.HomePageTest -->
