<?xml version="1.0" encoding="UTF-8"?>
<!-- Generated by org.testng.reporters.JUnitReportReporter -->
<testsuite hostname="DESKTOP-I3PT2JI" failures="0" tests="1" name="com.crm.qa.testcases.HomePageTest" time="19.952" errors="0" timestamp="19 Mar 2021 07:58:11 GMT" skipped="0">
  <testcase classname="com.crm.qa.testcases.HomePageTest" name="validateHomePageTitle" time="19.952"/>
</testsuite> <!-- com.crm.qa.testcases.HomePageTest -->
