<?xml version="1.0" encoding="UTF-8"?>
<!-- Generated by org.testng.reporters.JUnitReportReporter -->
<testsuite hostname="DESKTOP-I3PT2JI" failures="0" tests="1" name="com.crm.qa.testcases.ContactsPageTest" time="25.573" errors="0" timestamp="19 Mar 2021 07:58:11 GMT" skipped="0">
  <testcase classname="com.crm.qa.testcases.ContactsPageTest" name="verifyContactsLabelTest" time="25.573"/>
</testsuite> <!-- com.crm.qa.testcases.ContactsPageTest -->
