<?xml version="1.0" encoding="UTF-8"?>
<!-- Generated by org.testng.reporters.JUnitReportReporter -->
<testsuite hostname="DESKTOP-I3PT2JI" failures="0" tests="2" name="com.crm.qa.testcases.LoginPageTest" time="19.955" errors="0" timestamp="20 Mar 2021 15:19:04 GMT" skipped="0">
  <testcase classname="com.crm.qa.testcases.LoginPageTest" name="loginPageTitleTest" time="11.136"/>
  <testcase classname="com.crm.qa.testcases.LoginPageTest" name="crmLogoImageTest" time="8.819"/>
</testsuite> <!-- com.crm.qa.testcases.LoginPageTest -->
